2025-07-02 16:43:52,963 - __main__ - INFO - === Script started ===
2025-07-02 16:43:52,976 - __main__ - INFO - Command line arguments: input=processed_parse_jobs.json, output=out.json, summary=output_categories.txt
2025-07-02 16:43:52,976 - __main__ - INFO - Starting skill normalization process with input: processed_parse_jobs.json
2025-07-02 16:43:52,976 - __main__ - INFO - === Starting skill extraction ===
2025-07-02 16:43:52,976 - __main__ - INFO - Starting to extract skills from processed_parse_jobs.json
2025-07-02 16:43:52,977 - __main__ - INFO - Found 218 jobs to process
2025-07-02 16:43:52,977 - __main__ - INFO - Finished extracting skills. Total unique skills found: 2278
2025-07-02 16:43:52,977 - __main__ - INFO - Extracted 2278 unique skills
2025-07-02 16:43:52,977 - __main__ - INFO - === Starting initial grouping ===
2025-07-02 16:43:52,977 - __main__ - INFO - Creating initial groups from 2278 skills
2025-07-02 16:44:07,490 - __main__ - INFO - Created 411 initial groups
2025-07-02 16:44:07,490 - __main__ - INFO - === Starting group consolidation ===
2025-07-02 16:44:07,490 - __main__ - INFO - Consolidating 411 initial groups
2025-07-02 16:44:07,495 - __main__ - INFO - Consolidated 270 small groups into categories
2025-07-02 16:44:07,497 - __main__ - INFO - === Starting filtering and reclassification ===
2025-07-02 16:44:07,497 - __main__ - INFO - Filtering and reclassifying 156 groups
2025-07-02 16:44:07,521 - __main__ - INFO - Filtering complete. Discarded 342 skills. Final categories: 19
2025-07-02 16:44:07,521 - __main__ - INFO - === Saving results ===
2025-07-02 16:44:07,521 - __main__ - INFO - Saving results to out.json
2025-07-02 16:44:07,521 - __main__ - INFO - Successfully saved JSON results to out.json
2025-07-02 16:44:07,521 - __main__ - INFO - Saving summary to output_categories.txt
2025-07-02 16:44:07,521 - __main__ - INFO - Successfully saved summary to output_categories.txt
2025-07-02 16:44:07,536 - __main__ - INFO - === Script completed successfully ===
2025-07-02 16:47:49,175 - __main__ - INFO - === Script started ===
2025-07-02 16:47:49,175 - __main__ - INFO - Command line arguments: input=processed_parse_jobs.json, output=normalized_skills.json, summary=output_categories.txt
2025-07-02 16:47:49,175 - __main__ - INFO - Starting to extract skills from processed_parse_jobs.json
2025-07-02 16:47:49,180 - __main__ - INFO - Extracted 2278 unique skills
2025-07-02 16:47:59,404 - __main__ - INFO - === Script completed successfully ===
2025-07-02 16:55:27,793 - __main__ - INFO - === Script started ===
2025-07-02 16:55:27,793 - __main__ - INFO - Command line arguments: input=processed_parse_jobs.json, output=normalized_skills.json, summary=output_categories.txt
2025-07-02 16:55:27,793 - __main__ - INFO - Starting to extract skills from processed_parse_jobs.json
2025-07-02 16:55:27,842 - __main__ - INFO - Extracted 1043 unique skills
2025-07-02 16:55:31,944 - __main__ - INFO - === Script completed successfully ===
2025-07-02 17:00:37,201 - __main__ - INFO - === Script started ===
2025-07-02 17:00:37,201 - __main__ - INFO - Command line arguments: input=processed_parse_jobs.json, output=normalized_skills.json, summary=output_categories.txt
2025-07-02 17:00:37,201 - __main__ - INFO - Starting to extract skills from processed_parse_jobs.json
2025-07-02 17:00:37,714 - __main__ - INFO - Extracted 1516 unique skills
2025-07-02 17:00:52,478 - __main__ - INFO - === Script completed successfully ===
2025-07-02 17:01:25,345 - __main__ - INFO - === Script started ===
2025-07-02 17:01:25,345 - __main__ - INFO - Command line arguments: input=processed_parse_jobs.json, output=normalized_skills.json, summary=output_categories.txt
2025-07-02 17:01:25,345 - __main__ - INFO - Starting to extract skills from processed_parse_jobs.json
2025-07-02 17:01:25,387 - __main__ - INFO - Extracted 1043 unique skills
2025-07-02 17:01:29,040 - __main__ - INFO - === Script completed successfully ===
2025-07-02 17:06:02,646 - __main__ - INFO - === Script started ===
2025-07-02 17:06:02,646 - __main__ - INFO - Command line arguments: input=processed_parse_jobs.json, output=normalized_skills.json, summary=output_categories.txt
2025-07-02 17:06:02,646 - __main__ - INFO - Starting to extract skills from processed_parse_jobs.json
2025-07-02 17:06:02,728 - __main__ - INFO - Extracted 1081 unique skills
2025-07-02 17:06:57,471 - __main__ - INFO - Created 734 initial groups
2025-07-02 17:06:57,854 - __main__ - INFO - Consolidated into 122 groups
2025-07-02 17:06:58,382 - __main__ - INFO - Final categories: 35
2025-07-02 17:06:58,382 - __main__ - INFO - === Script completed successfully ===
2025-07-02 17:18:14,944 - __main__ - INFO - === Script started ===
2025-07-02 17:18:14,944 - __main__ - INFO - Command line arguments: input=processed_parse_jobs.json, output=normalized_skills.json, summary=output_categories.txt
2025-07-02 17:18:14,963 - __main__ - INFO - Extracted 1008 unique skills
2025-07-02 17:18:39,240 - __main__ - INFO - Created 705 initial groups
2025-07-02 17:18:39,466 - __main__ - INFO - Consolidated into 104 groups
2025-07-02 17:18:39,801 - __main__ - INFO - Final categories: 41
2025-07-02 17:18:39,803 - __main__ - INFO - === Script completed successfully ===
2025-07-02 17:34:30,177 - __main__ - INFO - === Script started ===
2025-07-02 17:34:30,177 - __main__ - INFO - Command line arguments: input=processed_parse_jobs.json, output=normalized_skills.json, summary=output_categories.txt
2025-07-02 17:34:30,197 - __main__ - INFO - Extracted 951 unique skills
2025-07-02 17:34:54,073 - __main__ - INFO - Created 666 initial groups
2025-07-02 17:34:54,420 - __main__ - INFO - Consolidated into 111 groups
2025-07-02 17:34:54,912 - __main__ - INFO - Final categories: 55
2025-07-02 17:34:54,915 - __main__ - INFO - === Script completed successfully ===
2025-07-02 18:11:59,738 - __main__ - INFO - === Script started ===
2025-07-02 18:11:59,738 - __main__ - INFO - Command line arguments: input=processed_parse_jobs.json, output=normalized_skills.json, summary=output_categories.txt
2025-07-02 18:11:59,758 - __main__ - INFO - Extracted 951 unique skills
2025-07-02 18:12:20,343 - __main__ - INFO - Created 638 initial groups
2025-07-02 18:12:20,743 - __main__ - INFO - Consolidated into 114 groups
2025-07-02 18:12:21,279 - __main__ - INFO - Final categories: 61
2025-07-02 18:12:21,282 - __main__ - INFO - === Script completed successfully ===
2025-07-02 18:56:17,225 - __main__ - INFO - === Script started ===
2025-07-02 18:56:17,225 - __main__ - INFO - Command line arguments: input=processed_parse_jobs.json, output=normalized_skills.json, summary=output_categories.txt
2025-07-02 18:56:17,252 - __main__ - INFO - Extracted 951 unique skills
2025-07-02 18:56:39,833 - __main__ - INFO - Created 647 initial groups
2025-07-02 18:56:44,201 - __main__ - INFO - Consolidated into 122 groups
2025-07-02 18:56:50,134 - __main__ - INFO - Final categories: 67
2025-07-02 18:56:50,134 - __main__ - INFO - === Script completed successfully ===
2025-07-02 19:07:20,031 - __main__ - INFO - === Script started ===
2025-07-02 19:07:20,031 - __main__ - INFO - Command line arguments: input=processed_parse_jobs.json, output=normalized_skills.json, summary=output_categories.txt
2025-07-02 19:07:20,044 - __main__ - INFO - Extracted 951 unique skills
2025-07-02 19:07:41,886 - __main__ - INFO - Created 650 initial groups
2025-07-02 19:07:46,256 - __main__ - INFO - Consolidated into 127 groups
2025-07-02 19:07:51,941 - __main__ - INFO - Final categories: 67
2025-07-02 19:07:51,957 - __main__ - INFO - === Script completed successfully ===
2025-07-02 19:08:15,073 - __main__ - INFO - === Script started ===
2025-07-02 19:08:15,073 - __main__ - INFO - Command line arguments: input=processed_parse_jobs.json, output=normalized_skills.json, summary=output_categories.txt
2025-07-02 19:08:15,089 - __main__ - INFO - Extracted 951 unique skills
2025-07-02 19:08:35,020 - __main__ - INFO - Created 632 initial groups
2025-07-02 19:08:39,334 - __main__ - INFO - Consolidated into 115 groups
2025-07-02 19:08:45,460 - __main__ - INFO - Final categories: 67
2025-07-02 19:08:45,460 - __main__ - INFO - === Script completed successfully ===
2025-07-02 19:08:51,718 - __main__ - INFO - === Script started ===
2025-07-02 19:08:51,718 - __main__ - INFO - Command line arguments: input=processed_parse_jobs.json, output=normalized_skills.json, summary=output_categories.txt
2025-07-02 19:08:51,733 - __main__ - INFO - Extracted 951 unique skills
2025-07-02 19:09:11,274 - __main__ - INFO - Created 625 initial groups
2025-07-02 19:09:15,434 - __main__ - INFO - Consolidated into 117 groups
2025-07-02 19:09:21,234 - __main__ - INFO - Final categories: 67
2025-07-02 19:09:21,234 - __main__ - INFO - === Script completed successfully ===
2025-07-02 19:21:36,301 - __main__ - INFO - === Script started ===
2025-07-02 19:21:36,301 - __main__ - INFO - Command line arguments: input=processed_parse_jobs.json, output=normalized_skills.json, summary=output_categories.txt
2025-07-02 19:21:36,319 - __main__ - INFO - Extracted 951 unique skills
2025-07-02 19:21:58,182 - __main__ - INFO - Created 658 initial groups
2025-07-02 19:22:02,717 - __main__ - INFO - Consolidated into 124 groups
2025-07-02 19:22:08,887 - __main__ - INFO - Final categories: 67
2025-07-02 19:22:08,948 - __main__ - INFO - Augmented job file saved to processed_parse_jobs_with_skills.json
2025-07-02 19:22:08,949 - __main__ - INFO - === Script completed successfully ===
2025-07-02 19:33:37,373 - __main__ - INFO - === Script started ===
2025-07-02 19:33:37,373 - __main__ - INFO - Command line arguments: input=processed_parse_jobs.json, output=normalized_skills.json, summary=output_categories.txt
2025-07-02 19:33:37,406 - __main__ - INFO - Extracted 951 unique skills
2025-07-02 19:34:44,443 - __main__ - INFO - === Script started ===
2025-07-02 19:34:44,443 - __main__ - INFO - Command line arguments: input=processed_parse_jobs.json, output=normalized_skills.json, summary=output_categories.txt
2025-07-02 19:34:44,463 - __main__ - INFO - Extracted 951 unique skills
2025-07-02 19:35:07,094 - __main__ - INFO - Created 666 initial groups
2025-07-02 19:35:11,581 - __main__ - INFO - Consolidated into 124 groups
2025-07-02 19:35:17,604 - __main__ - INFO - Final categories: 67
2025-07-02 19:35:17,661 - __main__ - INFO - Augmented job file saved to processed_parse_jobs_with_skills.json
2025-07-02 19:35:17,662 - __main__ - INFO - === Script completed successfully ===
2025-07-02 21:05:20,146 - __main__ - INFO - === Script started ===
2025-07-02 21:05:20,147 - __main__ - INFO - Command line arguments: input=processed_parse_jobs.json, output=normalized_skills.json, summary=output_categories.txt
2025-07-02 21:05:20,165 - __main__ - INFO - Extracted 951 unique skills
2025-07-02 21:05:42,088 - __main__ - INFO - Created 640 initial groups
2025-07-02 21:05:46,526 - __main__ - INFO - Consolidated into 121 groups
2025-07-02 21:05:52,620 - __main__ - INFO - Final categories: 67
2025-07-02 21:05:52,670 - __main__ - INFO - Augmented job file saved to processed_parse_jobs_with_skills.json
2025-07-02 21:05:52,671 - __main__ - INFO - === Script completed successfully ===
2025-07-02 21:47:44,088 - __main__ - INFO - === Script started ===
2025-07-02 21:47:44,088 - __main__ - INFO - Command line arguments: input=processed_parse_jobs.json, output=normalized_skills.json, summary=output_categories.txt
2025-07-02 21:47:44,113 - __main__ - INFO - Extracted 951 unique skills
2025-07-02 21:48:05,736 - __main__ - INFO - Created 657 initial groups
2025-07-02 21:48:10,215 - __main__ - INFO - Consolidated into 128 groups
2025-07-02 21:48:16,125 - __main__ - INFO - Final categories: 67
2025-07-02 21:48:16,182 - __main__ - INFO - Augmented job file saved to processed_parse_jobs_with_skills.json
2025-07-02 21:48:16,182 - __main__ - INFO - === Script completed successfully ===
2025-07-02 21:50:56,219 - __main__ - INFO - === Script started ===
2025-07-02 21:50:56,227 - __main__ - INFO - Command line arguments: input=processed_parse_jobs.json, output=normalized_skills.json, summary=output_categories.txt
2025-07-02 21:50:56,244 - __main__ - INFO - Extracted 951 unique skills
2025-07-02 21:51:16,020 - __main__ - INFO - Created 610 initial groups
2025-07-02 21:51:20,537 - __main__ - INFO - Consolidated into 126 groups
2025-07-02 21:51:26,974 - __main__ - INFO - Final categories: 67
2025-07-02 21:51:27,037 - __main__ - INFO - Augmented job file saved to processed_parse_jobs_with_skills.json
2025-07-02 21:51:27,037 - __main__ - INFO - === Script completed successfully ===
2025-07-02 21:52:22,990 - __main__ - INFO - === Script started ===
2025-07-02 21:52:22,990 - __main__ - INFO - Command line arguments: input=processed_parse_jobs.json, output=normalized_skills.json, summary=output_categories.txt
2025-07-02 21:52:23,005 - __main__ - INFO - Extracted 951 unique skills
2025-07-02 21:52:43,677 - __main__ - INFO - Created 646 initial groups
2025-07-02 21:52:47,936 - __main__ - INFO - Consolidated into 131 groups
2025-07-02 21:52:53,818 - __main__ - INFO - Final categories: 67
2025-07-02 21:52:53,866 - __main__ - INFO - Augmented job file saved to processed_parse_jobs_with_skills.json
2025-07-02 21:52:53,882 - __main__ - INFO - === Script completed successfully ===
2025-07-02 21:59:00,110 - __main__ - INFO - === Script started ===
2025-07-02 21:59:00,110 - __main__ - INFO - Command line arguments: input=processed_parse_jobs.json, output=normalized_skills.json, summary=output_categories.txt
2025-07-02 21:59:00,142 - __main__ - INFO - Extracted 951 unique skills
2025-07-02 21:59:20,532 - __main__ - INFO - Created 621 initial groups
2025-07-02 21:59:24,717 - __main__ - INFO - Consolidated into 118 groups
2025-07-02 21:59:30,368 - __main__ - INFO - Final categories: 67
2025-07-02 21:59:30,368 - __main__ - INFO - === Script completed successfully ===
2025-07-02 22:00:00,601 - __main__ - INFO - === Script started ===
2025-07-02 22:00:00,601 - __main__ - INFO - Command line arguments: input=processed_parse_jobs.json, output=normalized_skills.json, summary=output_categories.txt
2025-07-02 22:00:00,628 - __main__ - INFO - Extracted 951 unique skills
2025-07-02 22:00:20,359 - __main__ - INFO - Created 638 initial groups
2025-07-02 22:00:24,693 - __main__ - INFO - Consolidated into 130 groups
2025-07-02 22:00:30,803 - __main__ - INFO - Final categories: 67
2025-07-02 22:00:30,805 - __main__ - INFO - === Script completed successfully ===
2025-07-02 22:04:12,504 - __main__ - INFO - === Script started ===
2025-07-02 22:04:12,504 - __main__ - INFO - Command line arguments: input=processed_parse_jobs.json, output=normalized_skills.json, summary=output_categories.txt
2025-07-02 22:04:12,526 - __main__ - INFO - Extracted 951 unique skills
2025-07-02 22:04:35,400 - __main__ - INFO - Created 662 initial groups
2025-07-02 22:04:39,843 - __main__ - INFO - Consolidated into 119 groups
2025-07-02 22:04:45,965 - __main__ - INFO - Final categories: 67
2025-07-02 22:04:46,024 - __main__ - INFO - Augmented job file saved to processed_parse_jobs_with_skills.json
2025-07-02 22:04:46,025 - __main__ - INFO - === Script completed successfully ===
2025-07-02 22:06:28,449 - __main__ - INFO - === Script started ===
2025-07-02 22:06:28,449 - __main__ - INFO - Command line arguments: input=processed_parse_jobs.json, output=normalized_skills.json, summary=output_categories.txt
2025-07-02 22:06:28,467 - __main__ - INFO - Extracted 951 unique skills
2025-07-02 22:06:52,015 - __main__ - INFO - Created 664 initial groups
2025-07-02 22:06:56,696 - __main__ - INFO - Consolidated into 123 groups
2025-07-02 22:07:03,017 - __main__ - INFO - Final categories: 67
2025-07-02 22:07:03,066 - __main__ - INFO - Augmented job file saved to processed_parse_jobs_with_skills.json
2025-07-02 22:07:03,066 - __main__ - INFO - === Script completed successfully ===
